app/build/intermediates/manifest_merge_blame_file/debug/processDebugMainManifest/manifest-merger-blame-debug-report.txt
1<?xml version="1.0" encoding="utf-8"?>
2<manifest xmlns:android="http://schemas.android.com/apk/res/android"
3    package="com.example.ad_gk"
4    android:versionCode="1"
5    android:versionName="1.0" >
6
7    <uses-sdk
8        android:minSdkVersion="26"
9        android:targetSdkVersion="34" />
10
11    <uses-permission android:name="android.permission.READ_EXTERNAL_STORAGE" />
11-->src\main\AndroidManifest.xml:5:5-80
11-->src\main\AndroidManifest.xml:5:22-77
12    <uses-permission android:name="android.permission.WRITE_EXTERNAL_STORAGE" />
12-->src\main\AndroidManifest.xml:6:5-81
12-->src\main\AndroidManifest.xml:6:22-78
13
14    <meta-data
14-->src\main\AndroidManifest.xml:7:5-9:65
15        android:name="com.google.android.gms.version"
15-->src\main\AndroidManifest.xml:8:9-54
16        android:value="@integer/google_play_services_version" />
16-->src\main\AndroidManifest.xml:9:9-62
17    <!-- Although the *SdkVersion is captured in gradle build files, this is required for non gradle builds -->
18    <!-- <uses-sdk android:minSdkVersion="21"/> -->
19    <uses-permission android:name="android.permission.ACCESS_NETWORK_STATE" />
19-->[com.google.firebase:firebase-storage:21.0.1] AndroidManifest.xml:23:5-79
19-->[com.google.firebase:firebase-storage:21.0.1] AndroidManifest.xml:23:22-76
20    <uses-permission android:name="android.permission.INTERNET" />
20-->[com.google.firebase:firebase-storage:21.0.1] AndroidManifest.xml:24:5-67
20-->[com.google.firebase:firebase-storage:21.0.1] AndroidManifest.xml:24:22-64
21    <uses-permission android:name="android.permission.WAKE_LOCK" />
21-->[com.google.android.gms:play-services-measurement:22.1.2] AndroidManifest.xml:25:5-68
21-->[com.google.android.gms:play-services-measurement:22.1.2] AndroidManifest.xml:25:22-65
22    <uses-permission android:name="com.google.android.finsky.permission.BIND_GET_INSTALL_REFERRER_SERVICE" />
22-->[com.google.android.gms:play-services-measurement:22.1.2] AndroidManifest.xml:26:5-110
22-->[com.google.android.gms:play-services-measurement:22.1.2] AndroidManifest.xml:26:22-107
23    <uses-permission android:name="com.google.android.gms.permission.AD_ID" />
23-->[com.google.android.gms:play-services-measurement-impl:22.1.2] AndroidManifest.xml:27:5-79
23-->[com.google.android.gms:play-services-measurement-impl:22.1.2] AndroidManifest.xml:27:22-76
24    <uses-permission android:name="android.permission.ACCESS_ADSERVICES_ATTRIBUTION" />
24-->[com.google.android.gms:play-services-measurement-api:22.1.2] AndroidManifest.xml:26:5-88
24-->[com.google.android.gms:play-services-measurement-api:22.1.2] AndroidManifest.xml:26:22-85
25    <uses-permission android:name="android.permission.ACCESS_ADSERVICES_AD_ID" />
25-->[com.google.android.gms:play-services-measurement-api:22.1.2] AndroidManifest.xml:27:5-82
25-->[com.google.android.gms:play-services-measurement-api:22.1.2] AndroidManifest.xml:27:22-79
26
27    <permission
27-->[androidx.core:core:1.13.0] AndroidManifest.xml:22:5-24:47
28        android:name="com.example.ad_gk.DYNAMIC_RECEIVER_NOT_EXPORTED_PERMISSION"
28-->[androidx.core:core:1.13.0] AndroidManifest.xml:23:9-81
29        android:protectionLevel="signature" />
29-->[androidx.core:core:1.13.0] AndroidManifest.xml:24:9-44
30
31    <uses-permission android:name="com.example.ad_gk.DYNAMIC_RECEIVER_NOT_EXPORTED_PERMISSION" />
31-->[androidx.core:core:1.13.0] AndroidManifest.xml:26:5-97
31-->[androidx.core:core:1.13.0] AndroidManifest.xml:26:22-94
32
33    <application
33-->src\main\AndroidManifest.xml:11:5-63:19
34        android:allowBackup="true"
34-->src\main\AndroidManifest.xml:12:9-35
35        android:appComponentFactory="androidx.core.app.CoreComponentFactory"
35-->[androidx.core:core:1.13.0] AndroidManifest.xml:28:18-86
36        android:dataExtractionRules="@xml/data_extraction_rules"
36-->src\main\AndroidManifest.xml:13:9-65
37        android:debuggable="true"
38        android:extractNativeLibs="false"
39        android:fullBackupContent="@xml/backup_rules"
39-->src\main\AndroidManifest.xml:14:9-54
40        android:icon="@mipmap/ic_launcher"
40-->src\main\AndroidManifest.xml:15:9-43
41        android:label="@string/app_name"
41-->src\main\AndroidManifest.xml:16:9-41
42        android:roundIcon="@mipmap/ic_launcher_round"
42-->src\main\AndroidManifest.xml:17:9-54
43        android:supportsRtl="true"
43-->src\main\AndroidManifest.xml:18:9-35
44        android:testOnly="true"
45        android:theme="@style/Theme.Ad_gk" >
45-->src\main\AndroidManifest.xml:19:9-43
46
47        <!-- LoginActivity là màn hình đầu tiên -->
48        <activity
48-->src\main\AndroidManifest.xml:23:9-30:20
49            android:name="com.example.ad_gk.activity.MainActivity"
49-->src\main\AndroidManifest.xml:24:13-50
50            android:exported="true" >
50-->src\main\AndroidManifest.xml:25:13-36
51            <intent-filter>
51-->src\main\AndroidManifest.xml:26:13-29:29
52                <action android:name="android.intent.action.MAIN" />
52-->src\main\AndroidManifest.xml:27:17-69
52-->src\main\AndroidManifest.xml:27:25-66
53
54                <category android:name="android.intent.category.LAUNCHER" />
54-->src\main\AndroidManifest.xml:28:17-77
54-->src\main\AndroidManifest.xml:28:27-74
55            </intent-filter>
56        </activity>
57
58        <!-- Các Activity khác -->
59        <activity
59-->src\main\AndroidManifest.xml:33:9-35:40
60            android:name="com.example.ad_gk.activity.UserDetailActivity"
60-->src\main\AndroidManifest.xml:34:13-56
61            android:exported="false" />
61-->src\main\AndroidManifest.xml:35:13-37
62        <activity
62-->src\main\AndroidManifest.xml:36:9-38:40
63            android:name="com.example.ad_gk.activity.EditUserActivity"
63-->src\main\AndroidManifest.xml:37:13-54
64            android:exported="false" />
64-->src\main\AndroidManifest.xml:38:13-37
65        <activity
65-->src\main\AndroidManifest.xml:39:9-41:40
66            android:name="com.example.ad_gk.activity.CertificateDetailActivity"
66-->src\main\AndroidManifest.xml:40:13-63
67            android:exported="false" />
67-->src\main\AndroidManifest.xml:41:13-37
68        <activity
68-->src\main\AndroidManifest.xml:42:9-44:40
69            android:name="com.example.ad_gk.activity.EditCertificateActivity"
69-->src\main\AndroidManifest.xml:43:13-61
70            android:exported="false" />
70-->src\main\AndroidManifest.xml:44:13-37
71        <activity
71-->src\main\AndroidManifest.xml:45:9-47:40
72            android:name="com.example.ad_gk.activity.StudentDetailActivity"
72-->src\main\AndroidManifest.xml:46:13-59
73            android:exported="false" />
73-->src\main\AndroidManifest.xml:47:13-37
74        <activity
74-->src\main\AndroidManifest.xml:48:9-50:40
75            android:name="com.example.ad_gk.activity.EditStudentActivity"
75-->src\main\AndroidManifest.xml:49:13-57
76            android:exported="false" />
76-->src\main\AndroidManifest.xml:50:13-37
77        <activity
77-->src\main\AndroidManifest.xml:51:9-53:40
78            android:name="com.example.ad_gk.activity.AddCertificateActivity"
78-->src\main\AndroidManifest.xml:52:13-60
79            android:exported="false" />
79-->src\main\AndroidManifest.xml:53:13-37
80        <activity
80-->src\main\AndroidManifest.xml:54:9-56:40
81            android:name="com.example.ad_gk.activity.AddStudentActivity"
81-->src\main\AndroidManifest.xml:55:13-56
82            android:exported="false" />
82-->src\main\AndroidManifest.xml:56:13-37
83        <activity
83-->src\main\AndroidManifest.xml:57:9-59:40
84            android:name="com.example.ad_gk.activity.AddUserActivity"
84-->src\main\AndroidManifest.xml:58:13-53
85            android:exported="false" />
85-->src\main\AndroidManifest.xml:59:13-37
86        <activity
86-->src\main\AndroidManifest.xml:60:9-62:40
87            android:name="com.example.ad_gk.activity.LoginActivity"
87-->src\main\AndroidManifest.xml:61:13-51
88            android:exported="false" />
88-->src\main\AndroidManifest.xml:62:13-37
89
90        <service
90-->[com.google.firebase:firebase-storage:21.0.1] AndroidManifest.xml:27:9-36:19
91            android:name="com.google.firebase.components.ComponentDiscoveryService"
91-->[com.google.firebase:firebase-storage:21.0.1] AndroidManifest.xml:28:13-84
92            android:directBootAware="true"
92-->[com.google.firebase:firebase-common:21.0.0] AndroidManifest.xml:32:13-43
93            android:exported="false" >
93-->[com.google.firebase:firebase-storage:21.0.1] AndroidManifest.xml:29:13-37
94            <meta-data
94-->[com.google.firebase:firebase-storage:21.0.1] AndroidManifest.xml:30:13-32:85
95                android:name="com.google.firebase.components:com.google.firebase.storage.FirebaseStorageKtxRegistrar"
95-->[com.google.firebase:firebase-storage:21.0.1] AndroidManifest.xml:31:17-118
96                android:value="com.google.firebase.components.ComponentRegistrar" />
96-->[com.google.firebase:firebase-storage:21.0.1] AndroidManifest.xml:32:17-82
97            <meta-data
97-->[com.google.firebase:firebase-storage:21.0.1] AndroidManifest.xml:33:13-35:85
98                android:name="com.google.firebase.components:com.google.firebase.storage.StorageRegistrar"
98-->[com.google.firebase:firebase-storage:21.0.1] AndroidManifest.xml:34:17-107
99                android:value="com.google.firebase.components.ComponentRegistrar" />
99-->[com.google.firebase:firebase-storage:21.0.1] AndroidManifest.xml:35:17-82
100            <meta-data
100-->[com.google.firebase:firebase-firestore:25.1.1] AndroidManifest.xml:17:13-19:85
101                android:name="com.google.firebase.components:com.google.firebase.firestore.FirebaseFirestoreKtxRegistrar"
101-->[com.google.firebase:firebase-firestore:25.1.1] AndroidManifest.xml:18:17-122
102                android:value="com.google.firebase.components.ComponentRegistrar" />
102-->[com.google.firebase:firebase-firestore:25.1.1] AndroidManifest.xml:19:17-82
103            <meta-data
103-->[com.google.firebase:firebase-firestore:25.1.1] AndroidManifest.xml:20:13-22:85
104                android:name="com.google.firebase.components:com.google.firebase.firestore.FirestoreRegistrar"
104-->[com.google.firebase:firebase-firestore:25.1.1] AndroidManifest.xml:21:17-111
105                android:value="com.google.firebase.components.ComponentRegistrar" />
105-->[com.google.firebase:firebase-firestore:25.1.1] AndroidManifest.xml:22:17-82
106            <meta-data
106-->[com.google.firebase:firebase-appcheck:18.0.0] AndroidManifest.xml:25:13-27:85
107                android:name="com.google.firebase.components:com.google.firebase.appcheck.FirebaseAppCheckKtxRegistrar"
107-->[com.google.firebase:firebase-appcheck:18.0.0] AndroidManifest.xml:26:17-120
108                android:value="com.google.firebase.components.ComponentRegistrar" />
108-->[com.google.firebase:firebase-appcheck:18.0.0] AndroidManifest.xml:27:17-82
109            <meta-data
109-->[com.google.firebase:firebase-appcheck:18.0.0] AndroidManifest.xml:28:13-30:85
110                android:name="com.google.firebase.components:com.google.firebase.appcheck.FirebaseAppCheckRegistrar"
110-->[com.google.firebase:firebase-appcheck:18.0.0] AndroidManifest.xml:29:17-117
111                android:value="com.google.firebase.components.ComponentRegistrar" />
111-->[com.google.firebase:firebase-appcheck:18.0.0] AndroidManifest.xml:30:17-82
112            <meta-data
112-->[com.google.android.gms:play-services-measurement-api:22.1.2] AndroidManifest.xml:37:13-39:85
113                android:name="com.google.firebase.components:com.google.firebase.analytics.connector.internal.AnalyticsConnectorRegistrar"
113-->[com.google.android.gms:play-services-measurement-api:22.1.2] AndroidManifest.xml:38:17-139
114                android:value="com.google.firebase.components.ComponentRegistrar" />
114-->[com.google.android.gms:play-services-measurement-api:22.1.2] AndroidManifest.xml:39:17-82
115            <meta-data
115-->[com.google.firebase:firebase-installations:18.0.0] AndroidManifest.xml:15:13-17:85
116                android:name="com.google.firebase.components:com.google.firebase.installations.FirebaseInstallationsKtxRegistrar"
116-->[com.google.firebase:firebase-installations:18.0.0] AndroidManifest.xml:16:17-130
117                android:value="com.google.firebase.components.ComponentRegistrar" />
117-->[com.google.firebase:firebase-installations:18.0.0] AndroidManifest.xml:17:17-82
118            <meta-data
118-->[com.google.firebase:firebase-installations:18.0.0] AndroidManifest.xml:18:13-20:85
119                android:name="com.google.firebase.components:com.google.firebase.installations.FirebaseInstallationsRegistrar"
119-->[com.google.firebase:firebase-installations:18.0.0] AndroidManifest.xml:19:17-127
120                android:value="com.google.firebase.components.ComponentRegistrar" />
120-->[com.google.firebase:firebase-installations:18.0.0] AndroidManifest.xml:20:17-82
121            <meta-data
121-->[com.google.firebase:firebase-common-ktx:21.0.0] AndroidManifest.xml:12:13-14:85
122                android:name="com.google.firebase.components:com.google.firebase.ktx.FirebaseCommonLegacyRegistrar"
122-->[com.google.firebase:firebase-common-ktx:21.0.0] AndroidManifest.xml:13:17-116
123                android:value="com.google.firebase.components.ComponentRegistrar" />
123-->[com.google.firebase:firebase-common-ktx:21.0.0] AndroidManifest.xml:14:17-82
124            <meta-data
124-->[com.google.firebase:firebase-common:21.0.0] AndroidManifest.xml:35:13-37:85
125                android:name="com.google.firebase.components:com.google.firebase.FirebaseCommonKtxRegistrar"
125-->[com.google.firebase:firebase-common:21.0.0] AndroidManifest.xml:36:17-109
126                android:value="com.google.firebase.components.ComponentRegistrar" />
126-->[com.google.firebase:firebase-common:21.0.0] AndroidManifest.xml:37:17-82
127        </service>
128
129        <receiver
129-->[com.google.android.gms:play-services-measurement:22.1.2] AndroidManifest.xml:29:9-33:20
130            android:name="com.google.android.gms.measurement.AppMeasurementReceiver"
130-->[com.google.android.gms:play-services-measurement:22.1.2] AndroidManifest.xml:30:13-85
131            android:enabled="true"
131-->[com.google.android.gms:play-services-measurement:22.1.2] AndroidManifest.xml:31:13-35
132            android:exported="false" >
132-->[com.google.android.gms:play-services-measurement:22.1.2] AndroidManifest.xml:32:13-37
133        </receiver>
134
135        <service
135-->[com.google.android.gms:play-services-measurement:22.1.2] AndroidManifest.xml:35:9-38:40
136            android:name="com.google.android.gms.measurement.AppMeasurementService"
136-->[com.google.android.gms:play-services-measurement:22.1.2] AndroidManifest.xml:36:13-84
137            android:enabled="true"
137-->[com.google.android.gms:play-services-measurement:22.1.2] AndroidManifest.xml:37:13-35
138            android:exported="false" />
138-->[com.google.android.gms:play-services-measurement:22.1.2] AndroidManifest.xml:38:13-37
139        <service
139-->[com.google.android.gms:play-services-measurement:22.1.2] AndroidManifest.xml:39:9-43:72
140            android:name="com.google.android.gms.measurement.AppMeasurementJobService"
140-->[com.google.android.gms:play-services-measurement:22.1.2] AndroidManifest.xml:40:13-87
141            android:enabled="true"
141-->[com.google.android.gms:play-services-measurement:22.1.2] AndroidManifest.xml:41:13-35
142            android:exported="false"
142-->[com.google.android.gms:play-services-measurement:22.1.2] AndroidManifest.xml:42:13-37
143            android:permission="android.permission.BIND_JOB_SERVICE" />
143-->[com.google.android.gms:play-services-measurement:22.1.2] AndroidManifest.xml:43:13-69
144
145        <activity
145-->[com.google.android.gms:play-services-base:18.5.0] AndroidManifest.xml:5:9-173
146            android:name="com.google.android.gms.common.api.GoogleApiActivity"
146-->[com.google.android.gms:play-services-base:18.5.0] AndroidManifest.xml:5:19-85
147            android:exported="false"
147-->[com.google.android.gms:play-services-base:18.5.0] AndroidManifest.xml:5:146-170
148            android:theme="@android:style/Theme.Translucent.NoTitleBar" />
148-->[com.google.android.gms:play-services-base:18.5.0] AndroidManifest.xml:5:86-145
149
150        <property
150-->[com.google.android.gms:play-services-measurement-api:22.1.2] AndroidManifest.xml:30:9-32:61
151            android:name="android.adservices.AD_SERVICES_CONFIG"
151-->[com.google.android.gms:play-services-measurement-api:22.1.2] AndroidManifest.xml:31:13-65
152            android:resource="@xml/ga_ad_services_config" />
152-->[com.google.android.gms:play-services-measurement-api:22.1.2] AndroidManifest.xml:32:13-58
153
154        <provider
154-->[com.google.firebase:firebase-common:21.0.0] AndroidManifest.xml:23:9-28:39
155            android:name="com.google.firebase.provider.FirebaseInitProvider"
155-->[com.google.firebase:firebase-common:21.0.0] AndroidManifest.xml:24:13-77
156            android:authorities="com.example.ad_gk.firebaseinitprovider"
156-->[com.google.firebase:firebase-common:21.0.0] AndroidManifest.xml:25:13-72
157            android:directBootAware="true"
157-->[com.google.firebase:firebase-common:21.0.0] AndroidManifest.xml:26:13-43
158            android:exported="false"
158-->[com.google.firebase:firebase-common:21.0.0] AndroidManifest.xml:27:13-37
159            android:initOrder="100" />
159-->[com.google.firebase:firebase-common:21.0.0] AndroidManifest.xml:28:13-36
160
161        <uses-library
161-->[androidx.privacysandbox.ads:ads-adservices:1.0.0-beta05] AndroidManifest.xml:23:9-25:40
162            android:name="android.ext.adservices"
162-->[androidx.privacysandbox.ads:ads-adservices:1.0.0-beta05] AndroidManifest.xml:24:13-50
163            android:required="false" />
163-->[androidx.privacysandbox.ads:ads-adservices:1.0.0-beta05] AndroidManifest.xml:25:13-37
164
165        <provider
165-->[androidx.emoji2:emoji2:1.3.0] AndroidManifest.xml:24:9-32:20
166            android:name="androidx.startup.InitializationProvider"
166-->[androidx.emoji2:emoji2:1.3.0] AndroidManifest.xml:25:13-67
167            android:authorities="com.example.ad_gk.androidx-startup"
167-->[androidx.emoji2:emoji2:1.3.0] AndroidManifest.xml:26:13-68
168            android:exported="false" >
168-->[androidx.emoji2:emoji2:1.3.0] AndroidManifest.xml:27:13-37
169            <meta-data
169-->[androidx.emoji2:emoji2:1.3.0] AndroidManifest.xml:29:13-31:52
170                android:name="androidx.emoji2.text.EmojiCompatInitializer"
170-->[androidx.emoji2:emoji2:1.3.0] AndroidManifest.xml:30:17-75
171                android:value="androidx.startup" />
171-->[androidx.emoji2:emoji2:1.3.0] AndroidManifest.xml:31:17-49
172            <meta-data
172-->[androidx.lifecycle:lifecycle-process:2.6.2] AndroidManifest.xml:29:13-31:52
173                android:name="androidx.lifecycle.ProcessLifecycleInitializer"
173-->[androidx.lifecycle:lifecycle-process:2.6.2] AndroidManifest.xml:30:17-78
174                android:value="androidx.startup" />
174-->[androidx.lifecycle:lifecycle-process:2.6.2] AndroidManifest.xml:31:17-49
175            <meta-data
175-->[androidx.profileinstaller:profileinstaller:1.4.0] AndroidManifest.xml:29:13-31:52
176                android:name="androidx.profileinstaller.ProfileInstallerInitializer"
176-->[androidx.profileinstaller:profileinstaller:1.4.0] AndroidManifest.xml:30:17-85
177                android:value="androidx.startup" />
177-->[androidx.profileinstaller:profileinstaller:1.4.0] AndroidManifest.xml:31:17-49
178        </provider>
179
180        <meta-data
180-->src\main\AndroidManifest.xml:7:5-9:65
181            android:name="com.google.android.gms.version"
181-->src\main\AndroidManifest.xml:8:9-54
182            android:value="@integer/google_play_services_version" />
182-->src\main\AndroidManifest.xml:9:9-62
183
184        <receiver
184-->[androidx.profileinstaller:profileinstaller:1.4.0] AndroidManifest.xml:34:9-52:20
185            android:name="androidx.profileinstaller.ProfileInstallReceiver"
185-->[androidx.profileinstaller:profileinstaller:1.4.0] AndroidManifest.xml:35:13-76
186            android:directBootAware="false"
186-->[androidx.profileinstaller:profileinstaller:1.4.0] AndroidManifest.xml:36:13-44
187            android:enabled="true"
187-->[androidx.profileinstaller:profileinstaller:1.4.0] AndroidManifest.xml:37:13-35
188            android:exported="true"
188-->[androidx.profileinstaller:profileinstaller:1.4.0] AndroidManifest.xml:38:13-36
189            android:permission="android.permission.DUMP" >
189-->[androidx.profileinstaller:profileinstaller:1.4.0] AndroidManifest.xml:39:13-57
190            <intent-filter>
190-->[androidx.profileinstaller:profileinstaller:1.4.0] AndroidManifest.xml:40:13-42:29
191                <action android:name="androidx.profileinstaller.action.INSTALL_PROFILE" />
191-->[androidx.profileinstaller:profileinstaller:1.4.0] AndroidManifest.xml:41:17-91
191-->[androidx.profileinstaller:profileinstaller:1.4.0] AndroidManifest.xml:41:25-88
192            </intent-filter>
193            <intent-filter>
193-->[androidx.profileinstaller:profileinstaller:1.4.0] AndroidManifest.xml:43:13-45:29
194                <action android:name="androidx.profileinstaller.action.SKIP_FILE" />
194-->[androidx.profileinstaller:profileinstaller:1.4.0] AndroidManifest.xml:44:17-85
194-->[androidx.profileinstaller:profileinstaller:1.4.0] AndroidManifest.xml:44:25-82
195            </intent-filter>
196            <intent-filter>
196-->[androidx.profileinstaller:profileinstaller:1.4.0] AndroidManifest.xml:46:13-48:29
197                <action android:name="androidx.profileinstaller.action.SAVE_PROFILE" />
197-->[androidx.profileinstaller:profileinstaller:1.4.0] AndroidManifest.xml:47:17-88
197-->[androidx.profileinstaller:profileinstaller:1.4.0] AndroidManifest.xml:47:25-85
198            </intent-filter>
199            <intent-filter>
199-->[androidx.profileinstaller:profileinstaller:1.4.0] AndroidManifest.xml:49:13-51:29
200                <action android:name="androidx.profileinstaller.action.BENCHMARK_OPERATION" />
200-->[androidx.profileinstaller:profileinstaller:1.4.0] AndroidManifest.xml:50:17-95
200-->[androidx.profileinstaller:profileinstaller:1.4.0] AndroidManifest.xml:50:25-92
201            </intent-filter>
202        </receiver>
203    </application>
204
205</manifest>